2025/07/19 17:25:52 [notice] 1#1: using the "epoll" event method
2025/07/19 17:25:52 [notice] 1#1: nginx/1.28.0
2025/07/19 17:25:52 [notice] 1#1: built by gcc 14.2.0 (Alpine 14.2.0) 
2025/07/19 17:25:52 [notice] 1#1: OS: Linux 6.8.0-64-generic
2025/07/19 17:25:52 [notice] 1#1: getrlimit(RLIMIT_NOFILE): 1048576:1048576
2025/07/19 17:25:52 [notice] 1#1: start worker processes
2025/07/19 17:25:52 [notice] 1#1: start worker process 30
2025/07/19 17:25:52 [notice] 1#1: start worker process 31
2025/07/19 17:25:52 [notice] 1#1: start worker process 32
2025/07/19 17:25:52 [notice] 1#1: start worker process 33
2025/07/19 17:26:51 [error] 30#30: *1 open() "/usr/share/nginx/html/favicon.ico" failed (2: No such file or directory), client: 172.20.10.4, server: localhost, request: "GET /favicon.ico HTTP/1.1", host: "172.20.10.5", referrer: "http://172.20.10.5/"
2025/07/19 17:47:24 [notice] 1#1: signal 3 (SIGQUIT) received, shutting down
2025/07/19 17:47:24 [notice] 30#30: gracefully shutting down
2025/07/19 17:47:24 [notice] 31#31: gracefully shutting down
2025/07/19 17:47:24 [notice] 30#30: exiting
2025/07/19 17:47:24 [notice] 31#31: exiting
2025/07/19 17:47:24 [notice] 30#30: exit
2025/07/19 17:47:24 [notice] 31#31: exit
2025/07/19 17:47:24 [notice] 32#32: gracefully shutting down
2025/07/19 17:47:24 [notice] 32#32: exiting
2025/07/19 17:47:24 [notice] 32#32: exit
2025/07/19 17:47:24 [notice] 33#33: gracefully shutting down
2025/07/19 17:47:24 [notice] 33#33: exiting
2025/07/19 17:47:24 [notice] 33#33: exit
2025/07/19 17:47:24 [notice] 1#1: signal 17 (SIGCHLD) received from 33
2025/07/19 17:47:24 [notice] 1#1: worker process 33 exited with code 0
2025/07/19 17:47:24 [notice] 1#1: worker process 30 exited with code 0
2025/07/19 17:47:24 [notice] 1#1: signal 29 (SIGIO) received
2025/07/19 17:47:24 [notice] 1#1: signal 17 (SIGCHLD) received from 30
2025/07/19 17:47:24 [notice] 1#1: signal 17 (SIGCHLD) received from 32
2025/07/19 17:47:24 [notice] 1#1: worker process 32 exited with code 0
2025/07/19 17:47:24 [notice] 1#1: signal 29 (SIGIO) received
2025/07/19 17:47:24 [notice] 1#1: signal 17 (SIGCHLD) received from 31
2025/07/19 17:47:24 [notice] 1#1: worker process 31 exited with code 0
2025/07/19 17:47:24 [notice] 1#1: exit
2025/07/19 17:47:38 [notice] 1#1: using the "epoll" event method
2025/07/19 17:47:38 [notice] 1#1: nginx/1.28.0
2025/07/19 17:47:38 [notice] 1#1: built by gcc 14.2.0 (Alpine 14.2.0) 
2025/07/19 17:47:38 [notice] 1#1: OS: Linux 6.8.0-64-generic
2025/07/19 17:47:38 [notice] 1#1: getrlimit(RLIMIT_NOFILE): 1048576:1048576
2025/07/19 17:47:38 [notice] 1#1: start worker processes
2025/07/19 17:47:38 [notice] 1#1: start worker process 30
2025/07/19 17:47:38 [notice] 1#1: start worker process 31
2025/07/19 17:47:38 [notice] 1#1: start worker process 32
2025/07/19 17:47:38 [notice] 1#1: start worker process 33
2025/07/19 17:53:19 [notice] 1#1: signal 3 (SIGQUIT) received, shutting down
2025/07/19 17:53:19 [notice] 31#31: gracefully shutting down
2025/07/19 17:53:19 [notice] 30#30: gracefully shutting down
2025/07/19 17:53:19 [notice] 31#31: exiting
2025/07/19 17:53:19 [notice] 30#30: exiting
2025/07/19 17:53:19 [notice] 31#31: exit
2025/07/19 17:53:19 [notice] 30#30: exit
2025/07/19 17:53:19 [notice] 32#32: gracefully shutting down
2025/07/19 17:53:19 [notice] 32#32: exiting
2025/07/19 17:53:19 [notice] 32#32: exit
2025/07/19 17:53:19 [notice] 33#33: gracefully shutting down
2025/07/19 17:53:19 [notice] 33#33: exiting
2025/07/19 17:53:19 [notice] 33#33: exit
2025/07/19 17:53:19 [notice] 1#1: signal 17 (SIGCHLD) received from 30
2025/07/19 17:53:19 [notice] 1#1: worker process 30 exited with code 0
2025/07/19 17:53:19 [notice] 1#1: worker process 32 exited with code 0
2025/07/19 17:53:19 [notice] 1#1: signal 29 (SIGIO) received
2025/07/19 17:53:19 [notice] 1#1: signal 17 (SIGCHLD) received from 31
2025/07/19 17:53:19 [notice] 1#1: worker process 31 exited with code 0
2025/07/19 17:53:19 [notice] 1#1: signal 29 (SIGIO) received
2025/07/19 17:53:19 [notice] 1#1: signal 17 (SIGCHLD) received from 33
2025/07/19 17:53:19 [notice] 1#1: worker process 33 exited with code 0
2025/07/19 17:53:19 [notice] 1#1: exit
2025/07/19 17:53:27 [notice] 1#1: using the "epoll" event method
2025/07/19 17:53:27 [notice] 1#1: nginx/1.28.0
2025/07/19 17:53:27 [notice] 1#1: built by gcc 14.2.0 (Alpine 14.2.0) 
2025/07/19 17:53:27 [notice] 1#1: OS: Linux 6.8.0-64-generic
2025/07/19 17:53:27 [notice] 1#1: getrlimit(RLIMIT_NOFILE): 1048576:1048576
2025/07/19 17:53:27 [notice] 1#1: start worker processes
2025/07/19 17:53:27 [notice] 1#1: start worker process 30
2025/07/19 17:53:27 [notice] 1#1: start worker process 31
2025/07/19 17:53:27 [notice] 1#1: start worker process 32
2025/07/19 17:53:27 [notice] 1#1: start worker process 33
2025/07/19 18:06:00 [notice] 1#1: signal 3 (SIGQUIT) received, shutting down
2025/07/19 18:06:00 [notice] 30#30: gracefully shutting down
2025/07/19 18:06:00 [notice] 30#30: exiting
2025/07/19 18:06:00 [notice] 31#31: gracefully shutting down
2025/07/19 18:06:00 [notice] 31#31: exiting
2025/07/19 18:06:00 [notice] 31#31: exit
2025/07/19 18:06:00 [notice] 32#32: gracefully shutting down
2025/07/19 18:06:00 [notice] 33#33: gracefully shutting down
2025/07/19 18:06:00 [notice] 32#32: exiting
2025/07/19 18:06:00 [notice] 33#33: exiting
2025/07/19 18:06:00 [notice] 30#30: exit
2025/07/19 18:06:00 [notice] 33#33: exit
2025/07/19 18:06:00 [notice] 32#32: exit
2025/07/19 18:06:00 [notice] 1#1: signal 17 (SIGCHLD) received from 31
2025/07/19 18:06:00 [notice] 1#1: worker process 31 exited with code 0
2025/07/19 18:06:00 [notice] 1#1: worker process 33 exited with code 0
2025/07/19 18:06:00 [notice] 1#1: signal 29 (SIGIO) received
2025/07/19 18:06:00 [notice] 1#1: signal 17 (SIGCHLD) received from 33
2025/07/19 18:06:00 [notice] 1#1: signal 17 (SIGCHLD) received from 32
2025/07/19 18:06:00 [notice] 1#1: worker process 32 exited with code 0
2025/07/19 18:06:00 [notice] 1#1: signal 29 (SIGIO) received
2025/07/19 18:06:00 [notice] 1#1: signal 17 (SIGCHLD) received from 30
2025/07/19 18:06:00 [notice] 1#1: worker process 30 exited with code 0
2025/07/19 18:06:00 [notice] 1#1: exit
2025/07/19 18:12:20 [notice] 1#1: using the "epoll" event method
2025/07/19 18:12:20 [notice] 1#1: nginx/1.28.0
2025/07/19 18:12:20 [notice] 1#1: built by gcc 14.2.0 (Alpine 14.2.0) 
2025/07/19 18:12:20 [notice] 1#1: OS: Linux 6.8.0-64-generic
2025/07/19 18:12:20 [notice] 1#1: getrlimit(RLIMIT_NOFILE): 1048576:1048576
2025/07/19 18:12:20 [notice] 1#1: start worker processes
2025/07/19 18:12:20 [notice] 1#1: start worker process 30
2025/07/19 18:12:20 [notice] 1#1: start worker process 31
2025/07/19 18:12:20 [notice] 1#1: start worker process 32
2025/07/19 18:12:20 [notice] 1#1: start worker process 33
2025/07/19 18:16:11 [notice] 1#1: signal 3 (SIGQUIT) received, shutting down
2025/07/19 18:16:11 [notice] 30#30: gracefully shutting down
2025/07/19 18:16:11 [notice] 31#31: gracefully shutting down
2025/07/19 18:16:11 [notice] 30#30: exiting
2025/07/19 18:16:11 [notice] 31#31: exiting
2025/07/19 18:16:11 [notice] 31#31: exit
2025/07/19 18:16:11 [notice] 30#30: exit
2025/07/19 18:16:11 [notice] 32#32: gracefully shutting down
2025/07/19 18:16:11 [notice] 32#32: exiting
2025/07/19 18:16:11 [notice] 32#32: exit
2025/07/19 18:16:11 [notice] 33#33: gracefully shutting down
2025/07/19 18:16:11 [notice] 33#33: exiting
2025/07/19 18:16:11 [notice] 33#33: exit
2025/07/19 18:16:11 [notice] 1#1: signal 17 (SIGCHLD) received from 31
2025/07/19 18:16:11 [notice] 1#1: worker process 31 exited with code 0
2025/07/19 18:16:11 [notice] 1#1: worker process 33 exited with code 0
2025/07/19 18:16:11 [notice] 1#1: signal 29 (SIGIO) received
2025/07/19 18:16:11 [notice] 1#1: signal 17 (SIGCHLD) received from 32
2025/07/19 18:16:11 [notice] 1#1: worker process 32 exited with code 0
2025/07/19 18:16:11 [notice] 1#1: signal 29 (SIGIO) received
2025/07/19 18:16:11 [notice] 1#1: signal 17 (SIGCHLD) received from 30
2025/07/19 18:16:11 [notice] 1#1: worker process 30 exited with code 0
2025/07/19 18:16:11 [notice] 1#1: exit
2025/07/19 18:20:45 [notice] 1#1: using the "epoll" event method
2025/07/19 18:20:45 [notice] 1#1: nginx/1.28.0
2025/07/19 18:20:45 [notice] 1#1: built by gcc 14.2.0 (Alpine 14.2.0) 
2025/07/19 18:20:45 [notice] 1#1: OS: Linux 6.8.0-64-generic
2025/07/19 18:20:45 [notice] 1#1: getrlimit(RLIMIT_NOFILE): 1048576:1048576
2025/07/19 18:20:45 [notice] 1#1: start worker processes
2025/07/19 18:20:45 [notice] 1#1: start worker process 30
2025/07/19 18:20:45 [notice] 1#1: start worker process 31
2025/07/19 18:20:45 [notice] 1#1: start worker process 32
2025/07/19 18:20:45 [notice] 1#1: start worker process 33
2025/07/19 18:29:58 [notice] 1#1: signal 3 (SIGQUIT) received, shutting down
2025/07/19 18:29:58 [notice] 30#30: gracefully shutting down
2025/07/19 18:29:58 [notice] 30#30: exiting
2025/07/19 18:29:58 [notice] 31#31: gracefully shutting down
2025/07/19 18:29:58 [notice] 31#31: exiting
2025/07/19 18:29:58 [notice] 31#31: exit
2025/07/19 18:29:58 [notice] 33#33: gracefully shutting down
2025/07/19 18:29:58 [notice] 33#33: exiting
2025/07/19 18:29:58 [notice] 33#33: exit
2025/07/19 18:29:58 [notice] 30#30: exit
2025/07/19 18:29:58 [notice] 32#32: gracefully shutting down
2025/07/19 18:29:58 [notice] 32#32: exiting
2025/07/19 18:29:58 [notice] 32#32: exit
2025/07/19 18:29:58 [notice] 1#1: signal 17 (SIGCHLD) received from 31
2025/07/19 18:29:58 [notice] 1#1: worker process 31 exited with code 0
2025/07/19 18:29:58 [notice] 1#1: signal 29 (SIGIO) received
2025/07/19 18:29:58 [notice] 1#1: signal 17 (SIGCHLD) received from 32
2025/07/19 18:29:58 [notice] 1#1: worker process 32 exited with code 0
2025/07/19 18:29:58 [notice] 1#1: signal 29 (SIGIO) received
2025/07/19 18:29:58 [notice] 1#1: signal 17 (SIGCHLD) received from 30
2025/07/19 18:29:58 [notice] 1#1: worker process 30 exited with code 0
2025/07/19 18:29:58 [notice] 1#1: worker process 33 exited with code 0
2025/07/19 18:29:58 [notice] 1#1: exit
2025/07/19 18:31:44 [notice] 1#1: using the "epoll" event method
2025/07/19 18:31:44 [notice] 1#1: nginx/1.28.0
2025/07/19 18:31:44 [notice] 1#1: built by gcc 14.2.0 (Alpine 14.2.0) 
2025/07/19 18:31:44 [notice] 1#1: OS: Linux 6.8.0-64-generic
2025/07/19 18:31:44 [notice] 1#1: getrlimit(RLIMIT_NOFILE): 1048576:1048576
2025/07/19 18:31:44 [notice] 1#1: start worker processes
2025/07/19 18:31:44 [notice] 1#1: start worker process 30
2025/07/19 18:31:44 [notice] 1#1: start worker process 31
2025/07/19 18:31:44 [notice] 1#1: start worker process 32
2025/07/19 18:31:44 [notice] 1#1: start worker process 33
2025/07/19 18:32:08 [notice] 1#1: signal 3 (SIGQUIT) received, shutting down
2025/07/19 18:32:08 [notice] 30#30: gracefully shutting down
2025/07/19 18:32:08 [notice] 31#31: gracefully shutting down
2025/07/19 18:32:08 [notice] 30#30: exiting
2025/07/19 18:32:08 [notice] 31#31: exiting
2025/07/19 18:32:08 [notice] 32#32: gracefully shutting down
2025/07/19 18:32:08 [notice] 33#33: gracefully shutting down
2025/07/19 18:32:08 [notice] 32#32: exiting
2025/07/19 18:32:08 [notice] 33#33: exiting
2025/07/19 18:32:08 [notice] 30#30: exit
2025/07/19 18:32:08 [notice] 32#32: exit
2025/07/19 18:32:08 [notice] 33#33: exit
2025/07/19 18:32:08 [notice] 31#31: exit
2025/07/19 18:32:08 [notice] 1#1: signal 17 (SIGCHLD) received from 31
2025/07/19 18:32:08 [notice] 1#1: worker process 31 exited with code 0
2025/07/19 18:32:08 [notice] 1#1: signal 29 (SIGIO) received
2025/07/19 18:32:08 [notice] 1#1: signal 17 (SIGCHLD) received from 32
2025/07/19 18:32:08 [notice] 1#1: worker process 32 exited with code 0
2025/07/19 18:32:08 [notice] 1#1: signal 29 (SIGIO) received
2025/07/19 18:32:08 [notice] 1#1: signal 17 (SIGCHLD) received from 30
2025/07/19 18:32:08 [notice] 1#1: worker process 30 exited with code 0
2025/07/19 18:32:08 [notice] 1#1: worker process 33 exited with code 0
2025/07/19 18:32:08 [notice] 1#1: exit
2025/07/19 18:32:22 [notice] 1#1: using the "epoll" event method
2025/07/19 18:32:22 [notice] 1#1: nginx/1.28.0
2025/07/19 18:32:22 [notice] 1#1: built by gcc 14.2.0 (Alpine 14.2.0) 
2025/07/19 18:32:22 [notice] 1#1: OS: Linux 6.8.0-64-generic
2025/07/19 18:32:22 [notice] 1#1: getrlimit(RLIMIT_NOFILE): 1048576:1048576
2025/07/19 18:32:22 [notice] 1#1: start worker processes
2025/07/19 18:32:22 [notice] 1#1: start worker process 30
2025/07/19 18:32:22 [notice] 1#1: start worker process 31
2025/07/19 18:32:22 [notice] 1#1: start worker process 32
2025/07/19 18:32:22 [notice] 1#1: start worker process 33
2025/07/19 18:35:21 [notice] 1#1: signal 3 (SIGQUIT) received, shutting down
2025/07/19 18:35:21 [notice] 32#32: gracefully shutting down
2025/07/19 18:35:21 [notice] 30#30: gracefully shutting down
2025/07/19 18:35:21 [notice] 30#30: exiting
2025/07/19 18:35:21 [notice] 32#32: exiting
2025/07/19 18:35:21 [notice] 30#30: exit
2025/07/19 18:35:21 [notice] 32#32: exit
2025/07/19 18:35:21 [notice] 31#31: gracefully shutting down
2025/07/19 18:35:21 [notice] 31#31: exiting
2025/07/19 18:35:21 [notice] 31#31: exit
2025/07/19 18:35:21 [notice] 33#33: gracefully shutting down
2025/07/19 18:35:21 [notice] 33#33: exiting
2025/07/19 18:35:21 [notice] 33#33: exit
2025/07/19 18:35:21 [notice] 1#1: signal 17 (SIGCHLD) received from 31
2025/07/19 18:35:21 [notice] 1#1: worker process 30 exited with code 0
2025/07/19 18:35:21 [notice] 1#1: worker process 31 exited with code 0
2025/07/19 18:35:21 [notice] 1#1: signal 29 (SIGIO) received
2025/07/19 18:35:21 [notice] 1#1: signal 17 (SIGCHLD) received from 33
2025/07/19 18:35:21 [notice] 1#1: worker process 33 exited with code 0
2025/07/19 18:35:21 [notice] 1#1: signal 29 (SIGIO) received
2025/07/19 18:35:21 [notice] 1#1: signal 17 (SIGCHLD) received from 32
2025/07/19 18:35:21 [notice] 1#1: worker process 32 exited with code 0
2025/07/19 18:35:21 [notice] 1#1: exit
2025/07/19 18:35:21 [notice] 1#1: using the "epoll" event method
2025/07/19 18:35:21 [notice] 1#1: nginx/1.28.0
2025/07/19 18:35:21 [notice] 1#1: built by gcc 14.2.0 (Alpine 14.2.0) 
2025/07/19 18:35:21 [notice] 1#1: OS: Linux 6.8.0-64-generic
2025/07/19 18:35:21 [notice] 1#1: getrlimit(RLIMIT_NOFILE): 1048576:1048576
2025/07/19 18:35:21 [notice] 1#1: start worker processes
2025/07/19 18:35:21 [notice] 1#1: start worker process 22
2025/07/19 18:35:21 [notice] 1#1: start worker process 23
2025/07/19 18:35:21 [notice] 1#1: start worker process 24
2025/07/19 18:35:21 [notice] 1#1: start worker process 25
2025/07/19 18:38:27 [notice] 1#1: signal 3 (SIGQUIT) received, shutting down
2025/07/19 18:38:27 [notice] 22#22: gracefully shutting down
2025/07/19 18:38:27 [notice] 22#22: exiting
2025/07/19 18:38:27 [notice] 22#22: exit
2025/07/19 18:38:27 [notice] 23#23: gracefully shutting down
2025/07/19 18:38:27 [notice] 23#23: exiting
2025/07/19 18:38:27 [notice] 23#23: exit
2025/07/19 18:38:27 [notice] 24#24: gracefully shutting down
2025/07/19 18:38:27 [notice] 24#24: exiting
2025/07/19 18:38:27 [notice] 24#24: exit
2025/07/19 18:38:27 [notice] 25#25: gracefully shutting down
2025/07/19 18:38:27 [notice] 25#25: exiting
2025/07/19 18:38:27 [notice] 25#25: exit
2025/07/19 18:38:27 [notice] 1#1: signal 17 (SIGCHLD) received from 22
2025/07/19 18:38:27 [notice] 1#1: worker process 22 exited with code 0
2025/07/19 18:38:27 [notice] 1#1: signal 29 (SIGIO) received
2025/07/19 18:38:27 [notice] 1#1: signal 17 (SIGCHLD) received from 23
2025/07/19 18:38:27 [notice] 1#1: worker process 23 exited with code 0
2025/07/19 18:38:27 [notice] 1#1: signal 29 (SIGIO) received
2025/07/19 18:38:27 [notice] 1#1: signal 17 (SIGCHLD) received from 24
2025/07/19 18:38:27 [notice] 1#1: worker process 24 exited with code 0
2025/07/19 18:38:27 [notice] 1#1: signal 29 (SIGIO) received
2025/07/19 18:38:27 [notice] 1#1: signal 17 (SIGCHLD) received from 25
2025/07/19 18:38:27 [notice] 1#1: worker process 25 exited with code 0
2025/07/19 18:38:27 [notice] 1#1: exit
2025/07/19 18:38:45 [notice] 1#1: using the "epoll" event method
2025/07/19 18:38:45 [notice] 1#1: nginx/1.28.0
2025/07/19 18:38:45 [notice] 1#1: built by gcc 14.2.0 (Alpine 14.2.0) 
2025/07/19 18:38:45 [notice] 1#1: OS: Linux 6.8.0-64-generic
2025/07/19 18:38:45 [notice] 1#1: getrlimit(RLIMIT_NOFILE): 1048576:1048576
2025/07/19 18:38:45 [notice] 1#1: start worker processes
2025/07/19 18:38:45 [notice] 1#1: start worker process 30
2025/07/19 18:38:45 [notice] 1#1: start worker process 31
2025/07/19 18:38:45 [notice] 1#1: start worker process 32
2025/07/19 18:38:45 [notice] 1#1: start worker process 33
2025/07/19 18:42:53 [notice] 1#1: signal 3 (SIGQUIT) received, shutting down
2025/07/19 18:42:53 [notice] 30#30: gracefully shutting down
2025/07/19 18:42:53 [notice] 32#32: gracefully shutting down
2025/07/19 18:42:53 [notice] 30#30: exiting
2025/07/19 18:42:53 [notice] 32#32: exiting
2025/07/19 18:42:53 [notice] 30#30: exit
2025/07/19 18:42:53 [notice] 32#32: exit
2025/07/19 18:42:53 [notice] 31#31: gracefully shutting down
2025/07/19 18:42:53 [notice] 31#31: exiting
2025/07/19 18:42:53 [notice] 31#31: exit
2025/07/19 18:42:53 [notice] 33#33: gracefully shutting down
2025/07/19 18:42:53 [notice] 33#33: exiting
2025/07/19 18:42:53 [notice] 33#33: exit
2025/07/19 18:42:53 [notice] 1#1: signal 17 (SIGCHLD) received from 30
2025/07/19 18:42:53 [notice] 1#1: worker process 30 exited with code 0
2025/07/19 18:42:53 [notice] 1#1: worker process 31 exited with code 0
2025/07/19 18:42:53 [notice] 1#1: worker process 32 exited with code 0
2025/07/19 18:42:53 [notice] 1#1: worker process 33 exited with code 0
2025/07/19 18:42:53 [notice] 1#1: exit
2025/07/19 18:55:59 [notice] 1#1: using the "epoll" event method
2025/07/19 18:55:59 [notice] 1#1: nginx/1.28.0
2025/07/19 18:55:59 [notice] 1#1: built by gcc 14.2.0 (Alpine 14.2.0) 
2025/07/19 18:55:59 [notice] 1#1: OS: Linux 6.8.0-64-generic
2025/07/19 18:55:59 [notice] 1#1: getrlimit(RLIMIT_NOFILE): 1048576:1048576
2025/07/19 18:55:59 [notice] 1#1: start worker processes
2025/07/19 18:55:59 [notice] 1#1: start worker process 30
2025/07/19 18:55:59 [notice] 1#1: start worker process 31
2025/07/19 18:55:59 [notice] 1#1: start worker process 32
2025/07/19 18:55:59 [notice] 1#1: start worker process 33
2025/07/19 18:56:00 [notice] 1#1: signal 3 (SIGQUIT) received, shutting down
2025/07/19 18:56:00 [notice] 30#30: gracefully shutting down
2025/07/19 18:56:00 [notice] 30#30: exiting
2025/07/19 18:56:00 [notice] 30#30: exit
2025/07/19 18:56:00 [notice] 31#31: gracefully shutting down
2025/07/19 18:56:00 [notice] 31#31: exiting
2025/07/19 18:56:00 [notice] 31#31: exit
2025/07/19 18:56:00 [notice] 32#32: gracefully shutting down
2025/07/19 18:56:00 [notice] 32#32: exiting
2025/07/19 18:56:00 [notice] 32#32: exit
2025/07/19 18:56:00 [notice] 33#33: gracefully shutting down
2025/07/19 18:56:00 [notice] 33#33: exiting
2025/07/19 18:56:00 [notice] 33#33: exit
2025/07/19 18:56:00 [notice] 1#1: signal 17 (SIGCHLD) received from 33
2025/07/19 18:56:00 [notice] 1#1: worker process 30 exited with code 0
2025/07/19 18:56:00 [notice] 1#1: worker process 33 exited with code 0
2025/07/19 18:56:00 [notice] 1#1: signal 29 (SIGIO) received
2025/07/19 18:56:00 [notice] 1#1: signal 17 (SIGCHLD) received from 31
2025/07/19 18:56:00 [notice] 1#1: worker process 31 exited with code 0
2025/07/19 18:56:00 [notice] 1#1: signal 29 (SIGIO) received
2025/07/19 18:56:00 [notice] 1#1: signal 17 (SIGCHLD) received from 32
2025/07/19 18:56:00 [notice] 1#1: worker process 32 exited with code 0
2025/07/19 18:56:00 [notice] 1#1: exit
2025/07/19 18:58:21 [notice] 1#1: using the "epoll" event method
2025/07/19 18:58:21 [notice] 1#1: nginx/1.28.0
2025/07/19 18:58:21 [notice] 1#1: built by gcc 14.2.0 (Alpine 14.2.0) 
2025/07/19 18:58:21 [notice] 1#1: OS: Linux 6.8.0-64-generic
2025/07/19 18:58:21 [notice] 1#1: getrlimit(RLIMIT_NOFILE): 1048576:1048576
2025/07/19 18:58:21 [notice] 1#1: start worker processes
2025/07/19 18:58:21 [notice] 1#1: start worker process 22
2025/07/19 18:58:21 [notice] 1#1: start worker process 23
2025/07/19 18:58:21 [notice] 1#1: start worker process 24
2025/07/19 18:58:21 [notice] 1#1: start worker process 25
2025/07/19 18:58:34 [notice] 1#1: signal 3 (SIGQUIT) received, shutting down
2025/07/19 18:58:34 [notice] 22#22: gracefully shutting down
2025/07/19 18:58:34 [notice] 22#22: exiting
2025/07/19 18:58:34 [notice] 22#22: exit
2025/07/19 18:58:34 [notice] 23#23: gracefully shutting down
2025/07/19 18:58:34 [notice] 23#23: exiting
2025/07/19 18:58:34 [notice] 24#24: gracefully shutting down
2025/07/19 18:58:34 [notice] 24#24: exiting
2025/07/19 18:58:34 [notice] 24#24: exit
2025/07/19 18:58:34 [notice] 23#23: exit
2025/07/19 18:58:34 [notice] 25#25: gracefully shutting down
2025/07/19 18:58:34 [notice] 25#25: exiting
2025/07/19 18:58:34 [notice] 25#25: exit
2025/07/19 18:58:34 [notice] 1#1: signal 17 (SIGCHLD) received from 22
2025/07/19 18:58:34 [notice] 1#1: worker process 22 exited with code 0
2025/07/19 18:58:34 [notice] 1#1: signal 29 (SIGIO) received
2025/07/19 18:58:34 [notice] 1#1: signal 17 (SIGCHLD) received from 24
2025/07/19 18:58:34 [notice] 1#1: worker process 24 exited with code 0
2025/07/19 18:58:34 [notice] 1#1: signal 29 (SIGIO) received
2025/07/19 18:58:34 [notice] 1#1: signal 17 (SIGCHLD) received from 25
2025/07/19 18:58:34 [notice] 1#1: worker process 23 exited with code 0
2025/07/19 18:58:34 [notice] 1#1: worker process 25 exited with code 0
2025/07/19 18:58:34 [notice] 1#1: exit
2025/07/19 19:02:00 [notice] 1#1: using the "epoll" event method
2025/07/19 19:02:00 [notice] 1#1: nginx/1.28.0
2025/07/19 19:02:00 [notice] 1#1: built by gcc 14.2.0 (Alpine 14.2.0) 
2025/07/19 19:02:00 [notice] 1#1: OS: Linux 6.8.0-64-generic
2025/07/19 19:02:00 [notice] 1#1: getrlimit(RLIMIT_NOFILE): 1048576:1048576
2025/07/19 19:02:00 [notice] 1#1: start worker processes
2025/07/19 19:02:00 [notice] 1#1: start worker process 30
2025/07/19 19:02:00 [notice] 1#1: start worker process 31
2025/07/19 19:02:00 [notice] 1#1: start worker process 32
2025/07/19 19:02:00 [notice] 1#1: start worker process 33
2025/07/19 19:03:18 [error] 30#30: *1 open() "/usr/share/nginx/html/favicon.ico" failed (2: No such file or directory), client: 172.20.10.4, server: localhost, request: "GET /favicon.ico HTTP/1.1", host: "172.20.10.5", referrer: "http://172.20.10.5/"
2025/07/19 19:04:56 [error] 30#30: *5 open() "/usr/share/nginx/html/er" failed (2: No such file or directory), client: 172.20.10.4, server: localhost, request: "GET /er HTTP/1.1", host: "172.20.10.5"
2025/07/19 19:07:52 [notice] 1#1: signal 3 (SIGQUIT) received, shutting down
2025/07/19 19:07:52 [notice] 30#30: gracefully shutting down
2025/07/19 19:07:52 [notice] 31#31: gracefully shutting down
2025/07/19 19:07:52 [notice] 30#30: exiting
2025/07/19 19:07:52 [notice] 31#31: exiting
2025/07/19 19:07:52 [notice] 30#30: exit
2025/07/19 19:07:52 [notice] 31#31: exit
2025/07/19 19:07:52 [notice] 32#32: gracefully shutting down
2025/07/19 19:07:52 [notice] 32#32: exiting
2025/07/19 19:07:52 [notice] 32#32: exit
2025/07/19 19:07:52 [notice] 33#33: gracefully shutting down
2025/07/19 19:07:52 [notice] 33#33: exiting
2025/07/19 19:07:52 [notice] 33#33: exit
2025/07/19 19:07:52 [notice] 1#1: signal 17 (SIGCHLD) received from 30
2025/07/19 19:07:52 [notice] 1#1: worker process 30 exited with code 0
2025/07/19 19:07:52 [notice] 1#1: worker process 31 exited with code 0
2025/07/19 19:07:52 [notice] 1#1: signal 29 (SIGIO) received
2025/07/19 19:07:52 [notice] 1#1: signal 17 (SIGCHLD) received from 33
2025/07/19 19:07:52 [notice] 1#1: worker process 33 exited with code 0
2025/07/19 19:07:52 [notice] 1#1: signal 29 (SIGIO) received
2025/07/19 19:07:52 [notice] 1#1: signal 17 (SIGCHLD) received from 32
2025/07/19 19:07:52 [notice] 1#1: worker process 32 exited with code 0
2025/07/19 19:07:52 [notice] 1#1: exit
